<?xml version="1.0" encoding="UTF-8"?>
<testsuite name="io.microprofile.showcase.vote.it.client.VoteClientTest" tests="4" skipped="0" failures="4" errors="0" timestamp="2017-10-16T15:19:03" hostname="Devins-MacBook-Pro.local" time="0.167">
  <properties/>
  <testcase name="testRegisterAttendee" classname="io.microprofile.showcase.vote.it.client.VoteClientTest" time="0.158">
    <failure message="javax.ws.rs.ProcessingException: java.lang.IllegalArgumentException: protocol = http host = null" type="javax.ws.rs.ProcessingException">javax.ws.rs.ProcessingException: java.lang.IllegalArgumentException: protocol = http host = null
	at org.apache.cxf.jaxrs.client.AbstractClient.checkClientException(AbstractClient.java:569)
	at org.apache.cxf.jaxrs.client.AbstractClient.preProcessResult(AbstractClient.java:551)
	at org.apache.cxf.jaxrs.client.WebClient.doResponse(WebClient.java:1142)
	at org.apache.cxf.jaxrs.client.WebClient.doChainedInvocation(WebClient.java:1092)
	at org.apache.cxf.jaxrs.client.WebClient.doInvoke(WebClient.java:894)
	at org.apache.cxf.jaxrs.client.WebClient.doInvoke(WebClient.java:865)
	at org.apache.cxf.jaxrs.client.WebClient.invoke(WebClient.java:428)
	at org.apache.cxf.jaxrs.client.WebClient$SyncInvokerImpl.method(WebClient.java:1621)
	at org.apache.cxf.jaxrs.client.WebClient$SyncInvokerImpl.method(WebClient.java:1616)
	at org.apache.cxf.jaxrs.client.WebClient$SyncInvokerImpl.get(WebClient.java:1536)
	at org.apache.cxf.jaxrs.client.spec.InvocationBuilderImpl.get(InvocationBuilderImpl.java:80)
	at io.microprofile.showcase.vote.it.client.AttendeeClientUtility.deleteAllAttendees(AttendeeClientUtility.java:53)
	at io.microprofile.showcase.vote.it.client.VoteClientTest.clearDatabase(VoteClientTest.java:38)
	at sun.reflect.NativeMethodAccessorImpl.invoke0(Native Method)
	at sun.reflect.NativeMethodAccessorImpl.invoke(NativeMethodAccessorImpl.java:62)
	at sun.reflect.DelegatingMethodAccessorImpl.invoke(DelegatingMethodAccessorImpl.java:43)
	at java.lang.reflect.Method.invoke(Method.java:498)
	at org.junit.runners.model.FrameworkMethod$1.runReflectiveCall(FrameworkMethod.java:50)
	at org.junit.internal.runners.model.ReflectiveCallable.run(ReflectiveCallable.java:12)
	at org.junit.runners.model.FrameworkMethod.invokeExplosively(FrameworkMethod.java:47)
	at org.junit.internal.runners.statements.RunBefores.evaluate(RunBefores.java:24)
	at org.junit.runners.ParentRunner.runLeaf(ParentRunner.java:325)
	at org.junit.runners.BlockJUnit4ClassRunner.runChild(BlockJUnit4ClassRunner.java:78)
	at org.junit.runners.BlockJUnit4ClassRunner.runChild(BlockJUnit4ClassRunner.java:57)
	at org.junit.runners.ParentRunner$3.run(ParentRunner.java:290)
	at org.junit.runners.ParentRunner$1.schedule(ParentRunner.java:71)
	at org.junit.runners.ParentRunner.runChildren(ParentRunner.java:288)
	at org.junit.runners.ParentRunner.access$000(ParentRunner.java:58)
	at org.junit.runners.ParentRunner$2.evaluate(ParentRunner.java:268)
	at org.junit.runners.ParentRunner.run(ParentRunner.java:363)
	at org.gradle.api.internal.tasks.testing.junit.JUnitTestClassExecuter.runTestClass(JUnitTestClassExecuter.java:114)
	at org.gradle.api.internal.tasks.testing.junit.JUnitTestClassExecuter.execute(JUnitTestClassExecuter.java:57)
	at org.gradle.api.internal.tasks.testing.junit.JUnitTestClassProcessor.processTestClass(JUnitTestClassProcessor.java:66)
	at org.gradle.api.internal.tasks.testing.SuiteTestClassProcessor.processTestClass(SuiteTestClassProcessor.java:51)
	at sun.reflect.NativeMethodAccessorImpl.invoke0(Native Method)
	at sun.reflect.NativeMethodAccessorImpl.invoke(NativeMethodAccessorImpl.java:62)
	at sun.reflect.DelegatingMethodAccessorImpl.invoke(DelegatingMethodAccessorImpl.java:43)
	at java.lang.reflect.Method.invoke(Method.java:498)
	at org.gradle.internal.dispatch.ReflectionDispatch.dispatch(ReflectionDispatch.java:35)
	at org.gradle.internal.dispatch.ReflectionDispatch.dispatch(ReflectionDispatch.java:24)
	at org.gradle.internal.dispatch.ContextClassLoaderDispatch.dispatch(ContextClassLoaderDispatch.java:32)
	at org.gradle.internal.dispatch.ProxyDispatchAdapter$DispatchingInvocationHandler.invoke(ProxyDispatchAdapter.java:93)
	at com.sun.proxy.$Proxy1.processTestClass(Unknown Source)
	at org.gradle.api.internal.tasks.testing.worker.TestWorker.processTestClass(TestWorker.java:109)
	at sun.reflect.NativeMethodAccessorImpl.invoke0(Native Method)
	at sun.reflect.NativeMethodAccessorImpl.invoke(NativeMethodAccessorImpl.java:62)
	at sun.reflect.DelegatingMethodAccessorImpl.invoke(DelegatingMethodAccessorImpl.java:43)
	at java.lang.reflect.Method.invoke(Method.java:498)
	at org.gradle.internal.dispatch.ReflectionDispatch.dispatch(ReflectionDispatch.java:35)
	at org.gradle.internal.dispatch.ReflectionDispatch.dispatch(ReflectionDispatch.java:24)
	at org.gradle.internal.remote.internal.hub.MessageHubBackedObjectConnection$DispatchWrapper.dispatch(MessageHubBackedObjectConnection.java:146)
	at org.gradle.internal.remote.internal.hub.MessageHubBackedObjectConnection$DispatchWrapper.dispatch(MessageHubBackedObjectConnection.java:128)
	at org.gradle.internal.remote.internal.hub.MessageHub$Handler.run(MessageHub.java:404)
	at org.gradle.internal.concurrent.ExecutorPolicy$CatchAndRecordFailures.onExecute(ExecutorPolicy.java:63)
	at org.gradle.internal.concurrent.ManagedExecutorImpl$1.run(ManagedExecutorImpl.java:46)
	at java.util.concurrent.ThreadPoolExecutor.runWorker(ThreadPoolExecutor.java:1149)
	at java.util.concurrent.ThreadPoolExecutor$Worker.run(ThreadPoolExecutor.java:624)
	at org.gradle.internal.concurrent.ThreadFactoryImpl$ManagedThreadRunnable.run(ThreadFactoryImpl.java:55)
	at java.lang.Thread.run(Thread.java:748)
Caused by: java.lang.IllegalArgumentException: protocol = http host = null
	at sun.net.spi.DefaultProxySelector.select(DefaultProxySelector.java:176)
	at org.apache.cxf.transport.http.Address.chooseProxy(Address.java:101)
	at org.apache.cxf.transport.http.Address.getDefaultProxy(Address.java:79)
	at org.apache.cxf.transport.http.URLConnectionHTTPConduit.createConnection(URLConnectionHTTPConduit.java:102)
	at org.apache.cxf.transport.http.URLConnectionHTTPConduit.setupConnection(URLConnectionHTTPConduit.java:106)
	at org.apache.cxf.transport.http.HTTPConduit.prepare(HTTPConduit.java:497)
	at org.apache.cxf.interceptor.MessageSenderInterceptor.handleMessage(MessageSenderInterceptor.java:46)
	at org.apache.cxf.phase.PhaseInterceptorChain.doIntercept(PhaseInterceptorChain.java:308)
	at org.apache.cxf.jaxrs.client.AbstractClient.doRunInterceptorChain(AbstractClient.java:636)
	at org.apache.cxf.jaxrs.client.WebClient.doChainedInvocation(WebClient.java:1091)
	... 55 more
</failure>
  </testcase>
  <testcase name="testUpdateAttendee" classname="io.microprofile.showcase.vote.it.client.VoteClientTest" time="0.002">
    <failure message="javax.ws.rs.ProcessingException: java.lang.IllegalArgumentException: protocol = http host = null" type="javax.ws.rs.ProcessingException">javax.ws.rs.ProcessingException: java.lang.IllegalArgumentException: protocol = http host = null
	at org.apache.cxf.jaxrs.client.AbstractClient.checkClientException(AbstractClient.java:569)
	at org.apache.cxf.jaxrs.client.AbstractClient.preProcessResult(AbstractClient.java:551)
	at org.apache.cxf.jaxrs.client.WebClient.doResponse(WebClient.java:1142)
	at org.apache.cxf.jaxrs.client.WebClient.doChainedInvocation(WebClient.java:1092)
	at org.apache.cxf.jaxrs.client.WebClient.doInvoke(WebClient.java:894)
	at org.apache.cxf.jaxrs.client.WebClient.doInvoke(WebClient.java:865)
	at org.apache.cxf.jaxrs.client.WebClient.invoke(WebClient.java:428)
	at org.apache.cxf.jaxrs.client.WebClient$SyncInvokerImpl.method(WebClient.java:1621)
	at org.apache.cxf.jaxrs.client.WebClient$SyncInvokerImpl.method(WebClient.java:1616)
	at org.apache.cxf.jaxrs.client.WebClient$SyncInvokerImpl.get(WebClient.java:1536)
	at org.apache.cxf.jaxrs.client.spec.InvocationBuilderImpl.get(InvocationBuilderImpl.java:80)
	at io.microprofile.showcase.vote.it.client.AttendeeClientUtility.deleteAllAttendees(AttendeeClientUtility.java:53)
	at io.microprofile.showcase.vote.it.client.VoteClientTest.clearDatabase(VoteClientTest.java:38)
	at sun.reflect.NativeMethodAccessorImpl.invoke0(Native Method)
	at sun.reflect.NativeMethodAccessorImpl.invoke(NativeMethodAccessorImpl.java:62)
	at sun.reflect.DelegatingMethodAccessorImpl.invoke(DelegatingMethodAccessorImpl.java:43)
	at java.lang.reflect.Method.invoke(Method.java:498)
	at org.junit.runners.model.FrameworkMethod$1.runReflectiveCall(FrameworkMethod.java:50)
	at org.junit.internal.runners.model.ReflectiveCallable.run(ReflectiveCallable.java:12)
	at org.junit.runners.model.FrameworkMethod.invokeExplosively(FrameworkMethod.java:47)
	at org.junit.internal.runners.statements.RunBefores.evaluate(RunBefores.java:24)
	at org.junit.runners.ParentRunner.runLeaf(ParentRunner.java:325)
	at org.junit.runners.BlockJUnit4ClassRunner.runChild(BlockJUnit4ClassRunner.java:78)
	at org.junit.runners.BlockJUnit4ClassRunner.runChild(BlockJUnit4ClassRunner.java:57)
	at org.junit.runners.ParentRunner$3.run(ParentRunner.java:290)
	at org.junit.runners.ParentRunner$1.schedule(ParentRunner.java:71)
	at org.junit.runners.ParentRunner.runChildren(ParentRunner.java:288)
	at org.junit.runners.ParentRunner.access$000(ParentRunner.java:58)
	at org.junit.runners.ParentRunner$2.evaluate(ParentRunner.java:268)
	at org.junit.runners.ParentRunner.run(ParentRunner.java:363)
	at org.gradle.api.internal.tasks.testing.junit.JUnitTestClassExecuter.runTestClass(JUnitTestClassExecuter.java:114)
	at org.gradle.api.internal.tasks.testing.junit.JUnitTestClassExecuter.execute(JUnitTestClassExecuter.java:57)
	at org.gradle.api.internal.tasks.testing.junit.JUnitTestClassProcessor.processTestClass(JUnitTestClassProcessor.java:66)
	at org.gradle.api.internal.tasks.testing.SuiteTestClassProcessor.processTestClass(SuiteTestClassProcessor.java:51)
	at sun.reflect.NativeMethodAccessorImpl.invoke0(Native Method)
	at sun.reflect.NativeMethodAccessorImpl.invoke(NativeMethodAccessorImpl.java:62)
	at sun.reflect.DelegatingMethodAccessorImpl.invoke(DelegatingMethodAccessorImpl.java:43)
	at java.lang.reflect.Method.invoke(Method.java:498)
	at org.gradle.internal.dispatch.ReflectionDispatch.dispatch(ReflectionDispatch.java:35)
	at org.gradle.internal.dispatch.ReflectionDispatch.dispatch(ReflectionDispatch.java:24)
	at org.gradle.internal.dispatch.ContextClassLoaderDispatch.dispatch(ContextClassLoaderDispatch.java:32)
	at org.gradle.internal.dispatch.ProxyDispatchAdapter$DispatchingInvocationHandler.invoke(ProxyDispatchAdapter.java:93)
	at com.sun.proxy.$Proxy1.processTestClass(Unknown Source)
	at org.gradle.api.internal.tasks.testing.worker.TestWorker.processTestClass(TestWorker.java:109)
	at sun.reflect.NativeMethodAccessorImpl.invoke0(Native Method)
	at sun.reflect.NativeMethodAccessorImpl.invoke(NativeMethodAccessorImpl.java:62)
	at sun.reflect.DelegatingMethodAccessorImpl.invoke(DelegatingMethodAccessorImpl.java:43)
	at java.lang.reflect.Method.invoke(Method.java:498)
	at org.gradle.internal.dispatch.ReflectionDispatch.dispatch(ReflectionDispatch.java:35)
	at org.gradle.internal.dispatch.ReflectionDispatch.dispatch(ReflectionDispatch.java:24)
	at org.gradle.internal.remote.internal.hub.MessageHubBackedObjectConnection$DispatchWrapper.dispatch(MessageHubBackedObjectConnection.java:146)
	at org.gradle.internal.remote.internal.hub.MessageHubBackedObjectConnection$DispatchWrapper.dispatch(MessageHubBackedObjectConnection.java:128)
	at org.gradle.internal.remote.internal.hub.MessageHub$Handler.run(MessageHub.java:404)
	at org.gradle.internal.concurrent.ExecutorPolicy$CatchAndRecordFailures.onExecute(ExecutorPolicy.java:63)
	at org.gradle.internal.concurrent.ManagedExecutorImpl$1.run(ManagedExecutorImpl.java:46)
	at java.util.concurrent.ThreadPoolExecutor.runWorker(ThreadPoolExecutor.java:1149)
	at java.util.concurrent.ThreadPoolExecutor$Worker.run(ThreadPoolExecutor.java:624)
	at org.gradle.internal.concurrent.ThreadFactoryImpl$ManagedThreadRunnable.run(ThreadFactoryImpl.java:55)
	at java.lang.Thread.run(Thread.java:748)
Caused by: java.lang.IllegalArgumentException: protocol = http host = null
	at sun.net.spi.DefaultProxySelector.select(DefaultProxySelector.java:176)
	at org.apache.cxf.transport.http.Address.chooseProxy(Address.java:101)
	at org.apache.cxf.transport.http.Address.getDefaultProxy(Address.java:79)
	at org.apache.cxf.transport.http.URLConnectionHTTPConduit.createConnection(URLConnectionHTTPConduit.java:102)
	at org.apache.cxf.transport.http.URLConnectionHTTPConduit.setupConnection(URLConnectionHTTPConduit.java:106)
	at org.apache.cxf.transport.http.HTTPConduit.prepare(HTTPConduit.java:497)
	at org.apache.cxf.interceptor.MessageSenderInterceptor.handleMessage(MessageSenderInterceptor.java:46)
	at org.apache.cxf.phase.PhaseInterceptorChain.doIntercept(PhaseInterceptorChain.java:308)
	at org.apache.cxf.jaxrs.client.AbstractClient.doRunInterceptorChain(AbstractClient.java:636)
	at org.apache.cxf.jaxrs.client.WebClient.doChainedInvocation(WebClient.java:1091)
	... 55 more
</failure>
  </testcase>
  <testcase name="testRateUpdateAndCheckSession" classname="io.microprofile.showcase.vote.it.client.VoteClientTest" time="0.002">
    <failure message="javax.ws.rs.ProcessingException: java.lang.IllegalArgumentException: protocol = http host = null" type="javax.ws.rs.ProcessingException">javax.ws.rs.ProcessingException: java.lang.IllegalArgumentException: protocol = http host = null
	at org.apache.cxf.jaxrs.client.AbstractClient.checkClientException(AbstractClient.java:569)
	at org.apache.cxf.jaxrs.client.AbstractClient.preProcessResult(AbstractClient.java:551)
	at org.apache.cxf.jaxrs.client.WebClient.doResponse(WebClient.java:1142)
	at org.apache.cxf.jaxrs.client.WebClient.doChainedInvocation(WebClient.java:1092)
	at org.apache.cxf.jaxrs.client.WebClient.doInvoke(WebClient.java:894)
	at org.apache.cxf.jaxrs.client.WebClient.doInvoke(WebClient.java:865)
	at org.apache.cxf.jaxrs.client.WebClient.invoke(WebClient.java:428)
	at org.apache.cxf.jaxrs.client.WebClient$SyncInvokerImpl.method(WebClient.java:1621)
	at org.apache.cxf.jaxrs.client.WebClient$SyncInvokerImpl.method(WebClient.java:1616)
	at org.apache.cxf.jaxrs.client.WebClient$SyncInvokerImpl.get(WebClient.java:1536)
	at org.apache.cxf.jaxrs.client.spec.InvocationBuilderImpl.get(InvocationBuilderImpl.java:80)
	at io.microprofile.showcase.vote.it.client.AttendeeClientUtility.deleteAllAttendees(AttendeeClientUtility.java:53)
	at io.microprofile.showcase.vote.it.client.VoteClientTest.clearDatabase(VoteClientTest.java:38)
	at sun.reflect.NativeMethodAccessorImpl.invoke0(Native Method)
	at sun.reflect.NativeMethodAccessorImpl.invoke(NativeMethodAccessorImpl.java:62)
	at sun.reflect.DelegatingMethodAccessorImpl.invoke(DelegatingMethodAccessorImpl.java:43)
	at java.lang.reflect.Method.invoke(Method.java:498)
	at org.junit.runners.model.FrameworkMethod$1.runReflectiveCall(FrameworkMethod.java:50)
	at org.junit.internal.runners.model.ReflectiveCallable.run(ReflectiveCallable.java:12)
	at org.junit.runners.model.FrameworkMethod.invokeExplosively(FrameworkMethod.java:47)
	at org.junit.internal.runners.statements.RunBefores.evaluate(RunBefores.java:24)
	at org.junit.runners.ParentRunner.runLeaf(ParentRunner.java:325)
	at org.junit.runners.BlockJUnit4ClassRunner.runChild(BlockJUnit4ClassRunner.java:78)
	at org.junit.runners.BlockJUnit4ClassRunner.runChild(BlockJUnit4ClassRunner.java:57)
	at org.junit.runners.ParentRunner$3.run(ParentRunner.java:290)
	at org.junit.runners.ParentRunner$1.schedule(ParentRunner.java:71)
	at org.junit.runners.ParentRunner.runChildren(ParentRunner.java:288)
	at org.junit.runners.ParentRunner.access$000(ParentRunner.java:58)
	at org.junit.runners.ParentRunner$2.evaluate(ParentRunner.java:268)
	at org.junit.runners.ParentRunner.run(ParentRunner.java:363)
	at org.gradle.api.internal.tasks.testing.junit.JUnitTestClassExecuter.runTestClass(JUnitTestClassExecuter.java:114)
	at org.gradle.api.internal.tasks.testing.junit.JUnitTestClassExecuter.execute(JUnitTestClassExecuter.java:57)
	at org.gradle.api.internal.tasks.testing.junit.JUnitTestClassProcessor.processTestClass(JUnitTestClassProcessor.java:66)
	at org.gradle.api.internal.tasks.testing.SuiteTestClassProcessor.processTestClass(SuiteTestClassProcessor.java:51)
	at sun.reflect.NativeMethodAccessorImpl.invoke0(Native Method)
	at sun.reflect.NativeMethodAccessorImpl.invoke(NativeMethodAccessorImpl.java:62)
	at sun.reflect.DelegatingMethodAccessorImpl.invoke(DelegatingMethodAccessorImpl.java:43)
	at java.lang.reflect.Method.invoke(Method.java:498)
	at org.gradle.internal.dispatch.ReflectionDispatch.dispatch(ReflectionDispatch.java:35)
	at org.gradle.internal.dispatch.ReflectionDispatch.dispatch(ReflectionDispatch.java:24)
	at org.gradle.internal.dispatch.ContextClassLoaderDispatch.dispatch(ContextClassLoaderDispatch.java:32)
	at org.gradle.internal.dispatch.ProxyDispatchAdapter$DispatchingInvocationHandler.invoke(ProxyDispatchAdapter.java:93)
	at com.sun.proxy.$Proxy1.processTestClass(Unknown Source)
	at org.gradle.api.internal.tasks.testing.worker.TestWorker.processTestClass(TestWorker.java:109)
	at sun.reflect.NativeMethodAccessorImpl.invoke0(Native Method)
	at sun.reflect.NativeMethodAccessorImpl.invoke(NativeMethodAccessorImpl.java:62)
	at sun.reflect.DelegatingMethodAccessorImpl.invoke(DelegatingMethodAccessorImpl.java:43)
	at java.lang.reflect.Method.invoke(Method.java:498)
	at org.gradle.internal.dispatch.ReflectionDispatch.dispatch(ReflectionDispatch.java:35)
	at org.gradle.internal.dispatch.ReflectionDispatch.dispatch(ReflectionDispatch.java:24)
	at org.gradle.internal.remote.internal.hub.MessageHubBackedObjectConnection$DispatchWrapper.dispatch(MessageHubBackedObjectConnection.java:146)
	at org.gradle.internal.remote.internal.hub.MessageHubBackedObjectConnection$DispatchWrapper.dispatch(MessageHubBackedObjectConnection.java:128)
	at org.gradle.internal.remote.internal.hub.MessageHub$Handler.run(MessageHub.java:404)
	at org.gradle.internal.concurrent.ExecutorPolicy$CatchAndRecordFailures.onExecute(ExecutorPolicy.java:63)
	at org.gradle.internal.concurrent.ManagedExecutorImpl$1.run(ManagedExecutorImpl.java:46)
	at java.util.concurrent.ThreadPoolExecutor.runWorker(ThreadPoolExecutor.java:1149)
	at java.util.concurrent.ThreadPoolExecutor$Worker.run(ThreadPoolExecutor.java:624)
	at org.gradle.internal.concurrent.ThreadFactoryImpl$ManagedThreadRunnable.run(ThreadFactoryImpl.java:55)
	at java.lang.Thread.run(Thread.java:748)
Caused by: java.lang.IllegalArgumentException: protocol = http host = null
	at sun.net.spi.DefaultProxySelector.select(DefaultProxySelector.java:176)
	at org.apache.cxf.transport.http.Address.chooseProxy(Address.java:101)
	at org.apache.cxf.transport.http.Address.getDefaultProxy(Address.java:79)
	at org.apache.cxf.transport.http.URLConnectionHTTPConduit.createConnection(URLConnectionHTTPConduit.java:102)
	at org.apache.cxf.transport.http.URLConnectionHTTPConduit.setupConnection(URLConnectionHTTPConduit.java:106)
	at org.apache.cxf.transport.http.HTTPConduit.prepare(HTTPConduit.java:497)
	at org.apache.cxf.interceptor.MessageSenderInterceptor.handleMessage(MessageSenderInterceptor.java:46)
	at org.apache.cxf.phase.PhaseInterceptorChain.doIntercept(PhaseInterceptorChain.java:308)
	at org.apache.cxf.jaxrs.client.AbstractClient.doRunInterceptorChain(AbstractClient.java:636)
	at org.apache.cxf.jaxrs.client.WebClient.doChainedInvocation(WebClient.java:1091)
	... 55 more
</failure>
  </testcase>
  <testcase name="testDeployment" classname="io.microprofile.showcase.vote.it.client.VoteClientTest" time="0.003">
    <failure message="javax.ws.rs.ProcessingException: java.lang.IllegalArgumentException: protocol = http host = null" type="javax.ws.rs.ProcessingException">javax.ws.rs.ProcessingException: java.lang.IllegalArgumentException: protocol = http host = null
	at org.apache.cxf.jaxrs.client.AbstractClient.checkClientException(AbstractClient.java:569)
	at org.apache.cxf.jaxrs.client.AbstractClient.preProcessResult(AbstractClient.java:551)
	at org.apache.cxf.jaxrs.client.WebClient.doResponse(WebClient.java:1142)
	at org.apache.cxf.jaxrs.client.WebClient.doChainedInvocation(WebClient.java:1092)
	at org.apache.cxf.jaxrs.client.WebClient.doInvoke(WebClient.java:894)
	at org.apache.cxf.jaxrs.client.WebClient.doInvoke(WebClient.java:865)
	at org.apache.cxf.jaxrs.client.WebClient.invoke(WebClient.java:428)
	at org.apache.cxf.jaxrs.client.WebClient$SyncInvokerImpl.method(WebClient.java:1621)
	at org.apache.cxf.jaxrs.client.WebClient$SyncInvokerImpl.method(WebClient.java:1616)
	at org.apache.cxf.jaxrs.client.WebClient$SyncInvokerImpl.get(WebClient.java:1536)
	at org.apache.cxf.jaxrs.client.spec.InvocationBuilderImpl.get(InvocationBuilderImpl.java:80)
	at io.microprofile.showcase.vote.it.client.AttendeeClientUtility.deleteAllAttendees(AttendeeClientUtility.java:53)
	at io.microprofile.showcase.vote.it.client.VoteClientTest.clearDatabase(VoteClientTest.java:38)
	at sun.reflect.NativeMethodAccessorImpl.invoke0(Native Method)
	at sun.reflect.NativeMethodAccessorImpl.invoke(NativeMethodAccessorImpl.java:62)
	at sun.reflect.DelegatingMethodAccessorImpl.invoke(DelegatingMethodAccessorImpl.java:43)
	at java.lang.reflect.Method.invoke(Method.java:498)
	at org.junit.runners.model.FrameworkMethod$1.runReflectiveCall(FrameworkMethod.java:50)
	at org.junit.internal.runners.model.ReflectiveCallable.run(ReflectiveCallable.java:12)
	at org.junit.runners.model.FrameworkMethod.invokeExplosively(FrameworkMethod.java:47)
	at org.junit.internal.runners.statements.RunBefores.evaluate(RunBefores.java:24)
	at org.junit.runners.ParentRunner.runLeaf(ParentRunner.java:325)
	at org.junit.runners.BlockJUnit4ClassRunner.runChild(BlockJUnit4ClassRunner.java:78)
	at org.junit.runners.BlockJUnit4ClassRunner.runChild(BlockJUnit4ClassRunner.java:57)
	at org.junit.runners.ParentRunner$3.run(ParentRunner.java:290)
	at org.junit.runners.ParentRunner$1.schedule(ParentRunner.java:71)
	at org.junit.runners.ParentRunner.runChildren(ParentRunner.java:288)
	at org.junit.runners.ParentRunner.access$000(ParentRunner.java:58)
	at org.junit.runners.ParentRunner$2.evaluate(ParentRunner.java:268)
	at org.junit.runners.ParentRunner.run(ParentRunner.java:363)
	at org.gradle.api.internal.tasks.testing.junit.JUnitTestClassExecuter.runTestClass(JUnitTestClassExecuter.java:114)
	at org.gradle.api.internal.tasks.testing.junit.JUnitTestClassExecuter.execute(JUnitTestClassExecuter.java:57)
	at org.gradle.api.internal.tasks.testing.junit.JUnitTestClassProcessor.processTestClass(JUnitTestClassProcessor.java:66)
	at org.gradle.api.internal.tasks.testing.SuiteTestClassProcessor.processTestClass(SuiteTestClassProcessor.java:51)
	at sun.reflect.NativeMethodAccessorImpl.invoke0(Native Method)
	at sun.reflect.NativeMethodAccessorImpl.invoke(NativeMethodAccessorImpl.java:62)
	at sun.reflect.DelegatingMethodAccessorImpl.invoke(DelegatingMethodAccessorImpl.java:43)
	at java.lang.reflect.Method.invoke(Method.java:498)
	at org.gradle.internal.dispatch.ReflectionDispatch.dispatch(ReflectionDispatch.java:35)
	at org.gradle.internal.dispatch.ReflectionDispatch.dispatch(ReflectionDispatch.java:24)
	at org.gradle.internal.dispatch.ContextClassLoaderDispatch.dispatch(ContextClassLoaderDispatch.java:32)
	at org.gradle.internal.dispatch.ProxyDispatchAdapter$DispatchingInvocationHandler.invoke(ProxyDispatchAdapter.java:93)
	at com.sun.proxy.$Proxy1.processTestClass(Unknown Source)
	at org.gradle.api.internal.tasks.testing.worker.TestWorker.processTestClass(TestWorker.java:109)
	at sun.reflect.NativeMethodAccessorImpl.invoke0(Native Method)
	at sun.reflect.NativeMethodAccessorImpl.invoke(NativeMethodAccessorImpl.java:62)
	at sun.reflect.DelegatingMethodAccessorImpl.invoke(DelegatingMethodAccessorImpl.java:43)
	at java.lang.reflect.Method.invoke(Method.java:498)
	at org.gradle.internal.dispatch.ReflectionDispatch.dispatch(ReflectionDispatch.java:35)
	at org.gradle.internal.dispatch.ReflectionDispatch.dispatch(ReflectionDispatch.java:24)
	at org.gradle.internal.remote.internal.hub.MessageHubBackedObjectConnection$DispatchWrapper.dispatch(MessageHubBackedObjectConnection.java:146)
	at org.gradle.internal.remote.internal.hub.MessageHubBackedObjectConnection$DispatchWrapper.dispatch(MessageHubBackedObjectConnection.java:128)
	at org.gradle.internal.remote.internal.hub.MessageHub$Handler.run(MessageHub.java:404)
	at org.gradle.internal.concurrent.ExecutorPolicy$CatchAndRecordFailures.onExecute(ExecutorPolicy.java:63)
	at org.gradle.internal.concurrent.ManagedExecutorImpl$1.run(ManagedExecutorImpl.java:46)
	at java.util.concurrent.ThreadPoolExecutor.runWorker(ThreadPoolExecutor.java:1149)
	at java.util.concurrent.ThreadPoolExecutor$Worker.run(ThreadPoolExecutor.java:624)
	at org.gradle.internal.concurrent.ThreadFactoryImpl$ManagedThreadRunnable.run(ThreadFactoryImpl.java:55)
	at java.lang.Thread.run(Thread.java:748)
Caused by: java.lang.IllegalArgumentException: protocol = http host = null
	at sun.net.spi.DefaultProxySelector.select(DefaultProxySelector.java:176)
	at org.apache.cxf.transport.http.Address.chooseProxy(Address.java:101)
	at org.apache.cxf.transport.http.Address.getDefaultProxy(Address.java:79)
	at org.apache.cxf.transport.http.URLConnectionHTTPConduit.createConnection(URLConnectionHTTPConduit.java:102)
	at org.apache.cxf.transport.http.URLConnectionHTTPConduit.setupConnection(URLConnectionHTTPConduit.java:106)
	at org.apache.cxf.transport.http.HTTPConduit.prepare(HTTPConduit.java:497)
	at org.apache.cxf.interceptor.MessageSenderInterceptor.handleMessage(MessageSenderInterceptor.java:46)
	at org.apache.cxf.phase.PhaseInterceptorChain.doIntercept(PhaseInterceptorChain.java:308)
	at org.apache.cxf.jaxrs.client.AbstractClient.doRunInterceptorChain(AbstractClient.java:636)
	at org.apache.cxf.jaxrs.client.WebClient.doChainedInvocation(WebClient.java:1091)
	... 55 more
</failure>
  </testcase>
  <system-out><![CDATA[]]></system-out>
  <system-err><![CDATA[Oct 16, 2017 10:19:03 AM org.apache.cxf.phase.PhaseInterceptorChain doDefaultLogging
WARNING: Interceptor for {http:///null/attendee}WebClient has thrown exception, unwinding now
java.lang.IllegalArgumentException: protocol = http host = null
	at sun.net.spi.DefaultProxySelector.select(DefaultProxySelector.java:176)
	at org.apache.cxf.transport.http.Address.chooseProxy(Address.java:101)
	at org.apache.cxf.transport.http.Address.getDefaultProxy(Address.java:79)
	at org.apache.cxf.transport.http.URLConnectionHTTPConduit.createConnection(URLConnectionHTTPConduit.java:102)
	at org.apache.cxf.transport.http.URLConnectionHTTPConduit.setupConnection(URLConnectionHTTPConduit.java:106)
	at org.apache.cxf.transport.http.HTTPConduit.prepare(HTTPConduit.java:497)
	at org.apache.cxf.interceptor.MessageSenderInterceptor.handleMessage(MessageSenderInterceptor.java:46)
	at org.apache.cxf.phase.PhaseInterceptorChain.doIntercept(PhaseInterceptorChain.java:308)
	at org.apache.cxf.jaxrs.client.AbstractClient.doRunInterceptorChain(AbstractClient.java:636)
	at org.apache.cxf.jaxrs.client.WebClient.doChainedInvocation(WebClient.java:1091)
	at org.apache.cxf.jaxrs.client.WebClient.doInvoke(WebClient.java:894)
	at org.apache.cxf.jaxrs.client.WebClient.doInvoke(WebClient.java:865)
	at org.apache.cxf.jaxrs.client.WebClient.invoke(WebClient.java:428)
	at org.apache.cxf.jaxrs.client.WebClient$SyncInvokerImpl.method(WebClient.java:1621)
	at org.apache.cxf.jaxrs.client.WebClient$SyncInvokerImpl.method(WebClient.java:1616)
	at org.apache.cxf.jaxrs.client.WebClient$SyncInvokerImpl.get(WebClient.java:1536)
	at org.apache.cxf.jaxrs.client.spec.InvocationBuilderImpl.get(InvocationBuilderImpl.java:80)
	at io.microprofile.showcase.vote.it.client.AttendeeClientUtility.deleteAllAttendees(AttendeeClientUtility.java:53)
	at io.microprofile.showcase.vote.it.client.VoteClientTest.clearDatabase(VoteClientTest.java:38)
	at sun.reflect.NativeMethodAccessorImpl.invoke0(Native Method)
	at sun.reflect.NativeMethodAccessorImpl.invoke(NativeMethodAccessorImpl.java:62)
	at sun.reflect.DelegatingMethodAccessorImpl.invoke(DelegatingMethodAccessorImpl.java:43)
	at java.lang.reflect.Method.invoke(Method.java:498)
	at org.junit.runners.model.FrameworkMethod$1.runReflectiveCall(FrameworkMethod.java:50)
	at org.junit.internal.runners.model.ReflectiveCallable.run(ReflectiveCallable.java:12)
	at org.junit.runners.model.FrameworkMethod.invokeExplosively(FrameworkMethod.java:47)
	at org.junit.internal.runners.statements.RunBefores.evaluate(RunBefores.java:24)
	at org.junit.runners.ParentRunner.runLeaf(ParentRunner.java:325)
	at org.junit.runners.BlockJUnit4ClassRunner.runChild(BlockJUnit4ClassRunner.java:78)
	at org.junit.runners.BlockJUnit4ClassRunner.runChild(BlockJUnit4ClassRunner.java:57)
	at org.junit.runners.ParentRunner$3.run(ParentRunner.java:290)
	at org.junit.runners.ParentRunner$1.schedule(ParentRunner.java:71)
	at org.junit.runners.ParentRunner.runChildren(ParentRunner.java:288)
	at org.junit.runners.ParentRunner.access$000(ParentRunner.java:58)
	at org.junit.runners.ParentRunner$2.evaluate(ParentRunner.java:268)
	at org.junit.runners.ParentRunner.run(ParentRunner.java:363)
	at org.gradle.api.internal.tasks.testing.junit.JUnitTestClassExecuter.runTestClass(JUnitTestClassExecuter.java:114)
	at org.gradle.api.internal.tasks.testing.junit.JUnitTestClassExecuter.execute(JUnitTestClassExecuter.java:57)
	at org.gradle.api.internal.tasks.testing.junit.JUnitTestClassProcessor.processTestClass(JUnitTestClassProcessor.java:66)
	at org.gradle.api.internal.tasks.testing.SuiteTestClassProcessor.processTestClass(SuiteTestClassProcessor.java:51)
	at sun.reflect.NativeMethodAccessorImpl.invoke0(Native Method)
	at sun.reflect.NativeMethodAccessorImpl.invoke(NativeMethodAccessorImpl.java:62)
	at sun.reflect.DelegatingMethodAccessorImpl.invoke(DelegatingMethodAccessorImpl.java:43)
	at java.lang.reflect.Method.invoke(Method.java:498)
	at org.gradle.internal.dispatch.ReflectionDispatch.dispatch(ReflectionDispatch.java:35)
	at org.gradle.internal.dispatch.ReflectionDispatch.dispatch(ReflectionDispatch.java:24)
	at org.gradle.internal.dispatch.ContextClassLoaderDispatch.dispatch(ContextClassLoaderDispatch.java:32)
	at org.gradle.internal.dispatch.ProxyDispatchAdapter$DispatchingInvocationHandler.invoke(ProxyDispatchAdapter.java:93)
	at com.sun.proxy.$Proxy1.processTestClass(Unknown Source)
	at org.gradle.api.internal.tasks.testing.worker.TestWorker.processTestClass(TestWorker.java:109)
	at sun.reflect.NativeMethodAccessorImpl.invoke0(Native Method)
	at sun.reflect.NativeMethodAccessorImpl.invoke(NativeMethodAccessorImpl.java:62)
	at sun.reflect.DelegatingMethodAccessorImpl.invoke(DelegatingMethodAccessorImpl.java:43)
	at java.lang.reflect.Method.invoke(Method.java:498)
	at org.gradle.internal.dispatch.ReflectionDispatch.dispatch(ReflectionDispatch.java:35)
	at org.gradle.internal.dispatch.ReflectionDispatch.dispatch(ReflectionDispatch.java:24)
	at org.gradle.internal.remote.internal.hub.MessageHubBackedObjectConnection$DispatchWrapper.dispatch(MessageHubBackedObjectConnection.java:146)
	at org.gradle.internal.remote.internal.hub.MessageHubBackedObjectConnection$DispatchWrapper.dispatch(MessageHubBackedObjectConnection.java:128)
	at org.gradle.internal.remote.internal.hub.MessageHub$Handler.run(MessageHub.java:404)
	at org.gradle.internal.concurrent.ExecutorPolicy$CatchAndRecordFailures.onExecute(ExecutorPolicy.java:63)
	at org.gradle.internal.concurrent.ManagedExecutorImpl$1.run(ManagedExecutorImpl.java:46)
	at java.util.concurrent.ThreadPoolExecutor.runWorker(ThreadPoolExecutor.java:1149)
	at java.util.concurrent.ThreadPoolExecutor$Worker.run(ThreadPoolExecutor.java:624)
	at org.gradle.internal.concurrent.ThreadFactoryImpl$ManagedThreadRunnable.run(ThreadFactoryImpl.java:55)
	at java.lang.Thread.run(Thread.java:748)

Oct 16, 2017 10:19:03 AM org.apache.cxf.phase.PhaseInterceptorChain doDefaultLogging
WARNING: Interceptor for {http:///null/attendee}WebClient has thrown exception, unwinding now
java.lang.IllegalArgumentException: protocol = http host = null
	at sun.net.spi.DefaultProxySelector.select(DefaultProxySelector.java:176)
	at org.apache.cxf.transport.http.Address.chooseProxy(Address.java:101)
	at org.apache.cxf.transport.http.Address.getDefaultProxy(Address.java:79)
	at org.apache.cxf.transport.http.URLConnectionHTTPConduit.createConnection(URLConnectionHTTPConduit.java:102)
	at org.apache.cxf.transport.http.URLConnectionHTTPConduit.setupConnection(URLConnectionHTTPConduit.java:106)
	at org.apache.cxf.transport.http.HTTPConduit.prepare(HTTPConduit.java:497)
	at org.apache.cxf.interceptor.MessageSenderInterceptor.handleMessage(MessageSenderInterceptor.java:46)
	at org.apache.cxf.phase.PhaseInterceptorChain.doIntercept(PhaseInterceptorChain.java:308)
	at org.apache.cxf.jaxrs.client.AbstractClient.doRunInterceptorChain(AbstractClient.java:636)
	at org.apache.cxf.jaxrs.client.WebClient.doChainedInvocation(WebClient.java:1091)
	at org.apache.cxf.jaxrs.client.WebClient.doInvoke(WebClient.java:894)
	at org.apache.cxf.jaxrs.client.WebClient.doInvoke(WebClient.java:865)
	at org.apache.cxf.jaxrs.client.WebClient.invoke(WebClient.java:428)
	at org.apache.cxf.jaxrs.client.WebClient$SyncInvokerImpl.method(WebClient.java:1621)
	at org.apache.cxf.jaxrs.client.WebClient$SyncInvokerImpl.method(WebClient.java:1616)
	at org.apache.cxf.jaxrs.client.WebClient$SyncInvokerImpl.get(WebClient.java:1536)
	at org.apache.cxf.jaxrs.client.spec.InvocationBuilderImpl.get(InvocationBuilderImpl.java:80)
	at io.microprofile.showcase.vote.it.client.AttendeeClientUtility.deleteAllAttendees(AttendeeClientUtility.java:53)
	at io.microprofile.showcase.vote.it.client.VoteClientTest.clearDatabase(VoteClientTest.java:38)
	at sun.reflect.NativeMethodAccessorImpl.invoke0(Native Method)
	at sun.reflect.NativeMethodAccessorImpl.invoke(NativeMethodAccessorImpl.java:62)
	at sun.reflect.DelegatingMethodAccessorImpl.invoke(DelegatingMethodAccessorImpl.java:43)
	at java.lang.reflect.Method.invoke(Method.java:498)
	at org.junit.runners.model.FrameworkMethod$1.runReflectiveCall(FrameworkMethod.java:50)
	at org.junit.internal.runners.model.ReflectiveCallable.run(ReflectiveCallable.java:12)
	at org.junit.runners.model.FrameworkMethod.invokeExplosively(FrameworkMethod.java:47)
	at org.junit.internal.runners.statements.RunBefores.evaluate(RunBefores.java:24)
	at org.junit.runners.ParentRunner.runLeaf(ParentRunner.java:325)
	at org.junit.runners.BlockJUnit4ClassRunner.runChild(BlockJUnit4ClassRunner.java:78)
	at org.junit.runners.BlockJUnit4ClassRunner.runChild(BlockJUnit4ClassRunner.java:57)
	at org.junit.runners.ParentRunner$3.run(ParentRunner.java:290)
	at org.junit.runners.ParentRunner$1.schedule(ParentRunner.java:71)
	at org.junit.runners.ParentRunner.runChildren(ParentRunner.java:288)
	at org.junit.runners.ParentRunner.access$000(ParentRunner.java:58)
	at org.junit.runners.ParentRunner$2.evaluate(ParentRunner.java:268)
	at org.junit.runners.ParentRunner.run(ParentRunner.java:363)
	at org.gradle.api.internal.tasks.testing.junit.JUnitTestClassExecuter.runTestClass(JUnitTestClassExecuter.java:114)
	at org.gradle.api.internal.tasks.testing.junit.JUnitTestClassExecuter.execute(JUnitTestClassExecuter.java:57)
	at org.gradle.api.internal.tasks.testing.junit.JUnitTestClassProcessor.processTestClass(JUnitTestClassProcessor.java:66)
	at org.gradle.api.internal.tasks.testing.SuiteTestClassProcessor.processTestClass(SuiteTestClassProcessor.java:51)
	at sun.reflect.NativeMethodAccessorImpl.invoke0(Native Method)
	at sun.reflect.NativeMethodAccessorImpl.invoke(NativeMethodAccessorImpl.java:62)
	at sun.reflect.DelegatingMethodAccessorImpl.invoke(DelegatingMethodAccessorImpl.java:43)
	at java.lang.reflect.Method.invoke(Method.java:498)
	at org.gradle.internal.dispatch.ReflectionDispatch.dispatch(ReflectionDispatch.java:35)
	at org.gradle.internal.dispatch.ReflectionDispatch.dispatch(ReflectionDispatch.java:24)
	at org.gradle.internal.dispatch.ContextClassLoaderDispatch.dispatch(ContextClassLoaderDispatch.java:32)
	at org.gradle.internal.dispatch.ProxyDispatchAdapter$DispatchingInvocationHandler.invoke(ProxyDispatchAdapter.java:93)
	at com.sun.proxy.$Proxy1.processTestClass(Unknown Source)
	at org.gradle.api.internal.tasks.testing.worker.TestWorker.processTestClass(TestWorker.java:109)
	at sun.reflect.NativeMethodAccessorImpl.invoke0(Native Method)
	at sun.reflect.NativeMethodAccessorImpl.invoke(NativeMethodAccessorImpl.java:62)
	at sun.reflect.DelegatingMethodAccessorImpl.invoke(DelegatingMethodAccessorImpl.java:43)
	at java.lang.reflect.Method.invoke(Method.java:498)
	at org.gradle.internal.dispatch.ReflectionDispatch.dispatch(ReflectionDispatch.java:35)
	at org.gradle.internal.dispatch.ReflectionDispatch.dispatch(ReflectionDispatch.java:24)
	at org.gradle.internal.remote.internal.hub.MessageHubBackedObjectConnection$DispatchWrapper.dispatch(MessageHubBackedObjectConnection.java:146)
	at org.gradle.internal.remote.internal.hub.MessageHubBackedObjectConnection$DispatchWrapper.dispatch(MessageHubBackedObjectConnection.java:128)
	at org.gradle.internal.remote.internal.hub.MessageHub$Handler.run(MessageHub.java:404)
	at org.gradle.internal.concurrent.ExecutorPolicy$CatchAndRecordFailures.onExecute(ExecutorPolicy.java:63)
	at org.gradle.internal.concurrent.ManagedExecutorImpl$1.run(ManagedExecutorImpl.java:46)
	at java.util.concurrent.ThreadPoolExecutor.runWorker(ThreadPoolExecutor.java:1149)
	at java.util.concurrent.ThreadPoolExecutor$Worker.run(ThreadPoolExecutor.java:624)
	at org.gradle.internal.concurrent.ThreadFactoryImpl$ManagedThreadRunnable.run(ThreadFactoryImpl.java:55)
	at java.lang.Thread.run(Thread.java:748)

Oct 16, 2017 10:19:03 AM org.apache.cxf.phase.PhaseInterceptorChain doDefaultLogging
WARNING: Interceptor for {http:///null/attendee}WebClient has thrown exception, unwinding now
java.lang.IllegalArgumentException: protocol = http host = null
	at sun.net.spi.DefaultProxySelector.select(DefaultProxySelector.java:176)
	at org.apache.cxf.transport.http.Address.chooseProxy(Address.java:101)
	at org.apache.cxf.transport.http.Address.getDefaultProxy(Address.java:79)
	at org.apache.cxf.transport.http.URLConnectionHTTPConduit.createConnection(URLConnectionHTTPConduit.java:102)
	at org.apache.cxf.transport.http.URLConnectionHTTPConduit.setupConnection(URLConnectionHTTPConduit.java:106)
	at org.apache.cxf.transport.http.HTTPConduit.prepare(HTTPConduit.java:497)
	at org.apache.cxf.interceptor.MessageSenderInterceptor.handleMessage(MessageSenderInterceptor.java:46)
	at org.apache.cxf.phase.PhaseInterceptorChain.doIntercept(PhaseInterceptorChain.java:308)
	at org.apache.cxf.jaxrs.client.AbstractClient.doRunInterceptorChain(AbstractClient.java:636)
	at org.apache.cxf.jaxrs.client.WebClient.doChainedInvocation(WebClient.java:1091)
	at org.apache.cxf.jaxrs.client.WebClient.doInvoke(WebClient.java:894)
	at org.apache.cxf.jaxrs.client.WebClient.doInvoke(WebClient.java:865)
	at org.apache.cxf.jaxrs.client.WebClient.invoke(WebClient.java:428)
	at org.apache.cxf.jaxrs.client.WebClient$SyncInvokerImpl.method(WebClient.java:1621)
	at org.apache.cxf.jaxrs.client.WebClient$SyncInvokerImpl.method(WebClient.java:1616)
	at org.apache.cxf.jaxrs.client.WebClient$SyncInvokerImpl.get(WebClient.java:1536)
	at org.apache.cxf.jaxrs.client.spec.InvocationBuilderImpl.get(InvocationBuilderImpl.java:80)
	at io.microprofile.showcase.vote.it.client.AttendeeClientUtility.deleteAllAttendees(AttendeeClientUtility.java:53)
	at io.microprofile.showcase.vote.it.client.VoteClientTest.clearDatabase(VoteClientTest.java:38)
	at sun.reflect.NativeMethodAccessorImpl.invoke0(Native Method)
	at sun.reflect.NativeMethodAccessorImpl.invoke(NativeMethodAccessorImpl.java:62)
	at sun.reflect.DelegatingMethodAccessorImpl.invoke(DelegatingMethodAccessorImpl.java:43)
	at java.lang.reflect.Method.invoke(Method.java:498)
	at org.junit.runners.model.FrameworkMethod$1.runReflectiveCall(FrameworkMethod.java:50)
	at org.junit.internal.runners.model.ReflectiveCallable.run(ReflectiveCallable.java:12)
	at org.junit.runners.model.FrameworkMethod.invokeExplosively(FrameworkMethod.java:47)
	at org.junit.internal.runners.statements.RunBefores.evaluate(RunBefores.java:24)
	at org.junit.runners.ParentRunner.runLeaf(ParentRunner.java:325)
	at org.junit.runners.BlockJUnit4ClassRunner.runChild(BlockJUnit4ClassRunner.java:78)
	at org.junit.runners.BlockJUnit4ClassRunner.runChild(BlockJUnit4ClassRunner.java:57)
	at org.junit.runners.ParentRunner$3.run(ParentRunner.java:290)
	at org.junit.runners.ParentRunner$1.schedule(ParentRunner.java:71)
	at org.junit.runners.ParentRunner.runChildren(ParentRunner.java:288)
	at org.junit.runners.ParentRunner.access$000(ParentRunner.java:58)
	at org.junit.runners.ParentRunner$2.evaluate(ParentRunner.java:268)
	at org.junit.runners.ParentRunner.run(ParentRunner.java:363)
	at org.gradle.api.internal.tasks.testing.junit.JUnitTestClassExecuter.runTestClass(JUnitTestClassExecuter.java:114)
	at org.gradle.api.internal.tasks.testing.junit.JUnitTestClassExecuter.execute(JUnitTestClassExecuter.java:57)
	at org.gradle.api.internal.tasks.testing.junit.JUnitTestClassProcessor.processTestClass(JUnitTestClassProcessor.java:66)
	at org.gradle.api.internal.tasks.testing.SuiteTestClassProcessor.processTestClass(SuiteTestClassProcessor.java:51)
	at sun.reflect.NativeMethodAccessorImpl.invoke0(Native Method)
	at sun.reflect.NativeMethodAccessorImpl.invoke(NativeMethodAccessorImpl.java:62)
	at sun.reflect.DelegatingMethodAccessorImpl.invoke(DelegatingMethodAccessorImpl.java:43)
	at java.lang.reflect.Method.invoke(Method.java:498)
	at org.gradle.internal.dispatch.ReflectionDispatch.dispatch(ReflectionDispatch.java:35)
	at org.gradle.internal.dispatch.ReflectionDispatch.dispatch(ReflectionDispatch.java:24)
	at org.gradle.internal.dispatch.ContextClassLoaderDispatch.dispatch(ContextClassLoaderDispatch.java:32)
	at org.gradle.internal.dispatch.ProxyDispatchAdapter$DispatchingInvocationHandler.invoke(ProxyDispatchAdapter.java:93)
	at com.sun.proxy.$Proxy1.processTestClass(Unknown Source)
	at org.gradle.api.internal.tasks.testing.worker.TestWorker.processTestClass(TestWorker.java:109)
	at sun.reflect.NativeMethodAccessorImpl.invoke0(Native Method)
	at sun.reflect.NativeMethodAccessorImpl.invoke(NativeMethodAccessorImpl.java:62)
	at sun.reflect.DelegatingMethodAccessorImpl.invoke(DelegatingMethodAccessorImpl.java:43)
	at java.lang.reflect.Method.invoke(Method.java:498)
	at org.gradle.internal.dispatch.ReflectionDispatch.dispatch(ReflectionDispatch.java:35)
	at org.gradle.internal.dispatch.ReflectionDispatch.dispatch(ReflectionDispatch.java:24)
	at org.gradle.internal.remote.internal.hub.MessageHubBackedObjectConnection$DispatchWrapper.dispatch(MessageHubBackedObjectConnection.java:146)
	at org.gradle.internal.remote.internal.hub.MessageHubBackedObjectConnection$DispatchWrapper.dispatch(MessageHubBackedObjectConnection.java:128)
	at org.gradle.internal.remote.internal.hub.MessageHub$Handler.run(MessageHub.java:404)
	at org.gradle.internal.concurrent.ExecutorPolicy$CatchAndRecordFailures.onExecute(ExecutorPolicy.java:63)
	at org.gradle.internal.concurrent.ManagedExecutorImpl$1.run(ManagedExecutorImpl.java:46)
	at java.util.concurrent.ThreadPoolExecutor.runWorker(ThreadPoolExecutor.java:1149)
	at java.util.concurrent.ThreadPoolExecutor$Worker.run(ThreadPoolExecutor.java:624)
	at org.gradle.internal.concurrent.ThreadFactoryImpl$ManagedThreadRunnable.run(ThreadFactoryImpl.java:55)
	at java.lang.Thread.run(Thread.java:748)

Oct 16, 2017 10:19:03 AM org.apache.cxf.phase.PhaseInterceptorChain doDefaultLogging
WARNING: Interceptor for {http:///null/attendee}WebClient has thrown exception, unwinding now
java.lang.IllegalArgumentException: protocol = http host = null
	at sun.net.spi.DefaultProxySelector.select(DefaultProxySelector.java:176)
	at org.apache.cxf.transport.http.Address.chooseProxy(Address.java:101)
	at org.apache.cxf.transport.http.Address.getDefaultProxy(Address.java:79)
	at org.apache.cxf.transport.http.URLConnectionHTTPConduit.createConnection(URLConnectionHTTPConduit.java:102)
	at org.apache.cxf.transport.http.URLConnectionHTTPConduit.setupConnection(URLConnectionHTTPConduit.java:106)
	at org.apache.cxf.transport.http.HTTPConduit.prepare(HTTPConduit.java:497)
	at org.apache.cxf.interceptor.MessageSenderInterceptor.handleMessage(MessageSenderInterceptor.java:46)
	at org.apache.cxf.phase.PhaseInterceptorChain.doIntercept(PhaseInterceptorChain.java:308)
	at org.apache.cxf.jaxrs.client.AbstractClient.doRunInterceptorChain(AbstractClient.java:636)
	at org.apache.cxf.jaxrs.client.WebClient.doChainedInvocation(WebClient.java:1091)
	at org.apache.cxf.jaxrs.client.WebClient.doInvoke(WebClient.java:894)
	at org.apache.cxf.jaxrs.client.WebClient.doInvoke(WebClient.java:865)
	at org.apache.cxf.jaxrs.client.WebClient.invoke(WebClient.java:428)
	at org.apache.cxf.jaxrs.client.WebClient$SyncInvokerImpl.method(WebClient.java:1621)
	at org.apache.cxf.jaxrs.client.WebClient$SyncInvokerImpl.method(WebClient.java:1616)
	at org.apache.cxf.jaxrs.client.WebClient$SyncInvokerImpl.get(WebClient.java:1536)
	at org.apache.cxf.jaxrs.client.spec.InvocationBuilderImpl.get(InvocationBuilderImpl.java:80)
	at io.microprofile.showcase.vote.it.client.AttendeeClientUtility.deleteAllAttendees(AttendeeClientUtility.java:53)
	at io.microprofile.showcase.vote.it.client.VoteClientTest.clearDatabase(VoteClientTest.java:38)
	at sun.reflect.NativeMethodAccessorImpl.invoke0(Native Method)
	at sun.reflect.NativeMethodAccessorImpl.invoke(NativeMethodAccessorImpl.java:62)
	at sun.reflect.DelegatingMethodAccessorImpl.invoke(DelegatingMethodAccessorImpl.java:43)
	at java.lang.reflect.Method.invoke(Method.java:498)
	at org.junit.runners.model.FrameworkMethod$1.runReflectiveCall(FrameworkMethod.java:50)
	at org.junit.internal.runners.model.ReflectiveCallable.run(ReflectiveCallable.java:12)
	at org.junit.runners.model.FrameworkMethod.invokeExplosively(FrameworkMethod.java:47)
	at org.junit.internal.runners.statements.RunBefores.evaluate(RunBefores.java:24)
	at org.junit.runners.ParentRunner.runLeaf(ParentRunner.java:325)
	at org.junit.runners.BlockJUnit4ClassRunner.runChild(BlockJUnit4ClassRunner.java:78)
	at org.junit.runners.BlockJUnit4ClassRunner.runChild(BlockJUnit4ClassRunner.java:57)
	at org.junit.runners.ParentRunner$3.run(ParentRunner.java:290)
	at org.junit.runners.ParentRunner$1.schedule(ParentRunner.java:71)
	at org.junit.runners.ParentRunner.runChildren(ParentRunner.java:288)
	at org.junit.runners.ParentRunner.access$000(ParentRunner.java:58)
	at org.junit.runners.ParentRunner$2.evaluate(ParentRunner.java:268)
	at org.junit.runners.ParentRunner.run(ParentRunner.java:363)
	at org.gradle.api.internal.tasks.testing.junit.JUnitTestClassExecuter.runTestClass(JUnitTestClassExecuter.java:114)
	at org.gradle.api.internal.tasks.testing.junit.JUnitTestClassExecuter.execute(JUnitTestClassExecuter.java:57)
	at org.gradle.api.internal.tasks.testing.junit.JUnitTestClassProcessor.processTestClass(JUnitTestClassProcessor.java:66)
	at org.gradle.api.internal.tasks.testing.SuiteTestClassProcessor.processTestClass(SuiteTestClassProcessor.java:51)
	at sun.reflect.NativeMethodAccessorImpl.invoke0(Native Method)
	at sun.reflect.NativeMethodAccessorImpl.invoke(NativeMethodAccessorImpl.java:62)
	at sun.reflect.DelegatingMethodAccessorImpl.invoke(DelegatingMethodAccessorImpl.java:43)
	at java.lang.reflect.Method.invoke(Method.java:498)
	at org.gradle.internal.dispatch.ReflectionDispatch.dispatch(ReflectionDispatch.java:35)
	at org.gradle.internal.dispatch.ReflectionDispatch.dispatch(ReflectionDispatch.java:24)
	at org.gradle.internal.dispatch.ContextClassLoaderDispatch.dispatch(ContextClassLoaderDispatch.java:32)
	at org.gradle.internal.dispatch.ProxyDispatchAdapter$DispatchingInvocationHandler.invoke(ProxyDispatchAdapter.java:93)
	at com.sun.proxy.$Proxy1.processTestClass(Unknown Source)
	at org.gradle.api.internal.tasks.testing.worker.TestWorker.processTestClass(TestWorker.java:109)
	at sun.reflect.NativeMethodAccessorImpl.invoke0(Native Method)
	at sun.reflect.NativeMethodAccessorImpl.invoke(NativeMethodAccessorImpl.java:62)
	at sun.reflect.DelegatingMethodAccessorImpl.invoke(DelegatingMethodAccessorImpl.java:43)
	at java.lang.reflect.Method.invoke(Method.java:498)
	at org.gradle.internal.dispatch.ReflectionDispatch.dispatch(ReflectionDispatch.java:35)
	at org.gradle.internal.dispatch.ReflectionDispatch.dispatch(ReflectionDispatch.java:24)
	at org.gradle.internal.remote.internal.hub.MessageHubBackedObjectConnection$DispatchWrapper.dispatch(MessageHubBackedObjectConnection.java:146)
	at org.gradle.internal.remote.internal.hub.MessageHubBackedObjectConnection$DispatchWrapper.dispatch(MessageHubBackedObjectConnection.java:128)
	at org.gradle.internal.remote.internal.hub.MessageHub$Handler.run(MessageHub.java:404)
	at org.gradle.internal.concurrent.ExecutorPolicy$CatchAndRecordFailures.onExecute(ExecutorPolicy.java:63)
	at org.gradle.internal.concurrent.ManagedExecutorImpl$1.run(ManagedExecutorImpl.java:46)
	at java.util.concurrent.ThreadPoolExecutor.runWorker(ThreadPoolExecutor.java:1149)
	at java.util.concurrent.ThreadPoolExecutor$Worker.run(ThreadPoolExecutor.java:624)
	at org.gradle.internal.concurrent.ThreadFactoryImpl$ManagedThreadRunnable.run(ThreadFactoryImpl.java:55)
	at java.lang.Thread.run(Thread.java:748)

]]></system-err>
</testsuite>
